[W::hts_idx_load2] The index file is older than the data file: /cluster/scratch/hugifl/paraquat_run_1/outputs/alignments/genomeBams/S043_pMC_0198_cyaA.bam.bai
[W::hts_idx_load2] The index file is older than the data file: /cluster/scratch/hugifl/paraquat_run_1/outputs/alignments/genomeBams/S053_pMC_0198_cyaA.bam.bai
[W::hts_idx_load2] The index file is older than the data file: /cluster/scratch/hugifl/paraquat_run_1/outputs/alignments/genomeBams/S115_pMC_0195_waaQ.bam.bai
[W::hts_idx_load2] The index file is older than the data file: /cluster/scratch/hugifl/paraquat_run_1/outputs/alignments/genomeBams/S103_pMC_0195_waaQ.bam.bai
[W::hts_idx_load2] The index file is older than the data file: /cluster/scratch/hugifl/paraquat_run_1/outputs/alignments/genomeBams/S082_pMC_0198_rfaD.bam.bai
[W::hts_idx_load2] The index file is older than the data file: /cluster/scratch/hugifl/paraquat_run_1/outputs/alignments/genomeBams/S107_pMC_0195_waaQ.bam.bai
[W::hts_idx_load2] The index file is older than the data file: /cluster/scratch/hugifl/paraquat_run_1/outputs/alignments/genomeBams/S003_pFS_0453.bam.bai
[W::hts_idx_load2] The index file is older than the data file: /cluster/scratch/hugifl/paraquat_run_1/outputs/alignments/genomeBams/S093_pMC_0198_rfaD.bam.bai
[W::hts_idx_load2] The index file is older than the data file: /cluster/scratch/hugifl/paraquat_run_1/outputs/alignments/genomeBams/S094_pMC_0198_rfaD.bam.bai
[W::hts_idx_load2] The index file is older than the data file: /cluster/scratch/hugifl/paraquat_run_1/outputs/alignments/genomeBams/S096_pMC_0198_rfaD.bam.bai
[W::hts_idx_load2] The index file is older than the data file: /cluster/scratch/hugifl/paraquat_run_1/outputs/alignments/genomeBams/S111_pMC_0195_waaQ.bam.bai
[W::hts_idx_load2] The index file is older than the data file: /cluster/scratch/hugifl/paraquat_run_1/outputs/alignments/genomeBams/S137_pMC_0198_yceQ.bam.bai
[W::hts_idx_load2] The index file is older than the data file: /cluster/scratch/hugifl/paraquat_run_1/outputs/alignments/genomeBams/S106_pMC_0195_waaQ.bam.bai
[W::hts_idx_load2] The index file is older than the data file: /cluster/scratch/hugifl/paraquat_run_1/outputs/alignments/genomeBams/S091_pMC_0198_rfaD.bam.bai
[W::hts_idx_load2] The index file is older than the data file: /cluster/scratch/hugifl/paraquat_run_1/outputs/alignments/genomeBams/S063_pMC_0196_hemN.bam.bai
[W::hts_idx_load2] The index file is older than the data file: /cluster/scratch/hugifl/paraquat_run_1/outputs/alignments/genomeBams/S008_pFS_0453.bam.bai
[W::hts_idx_load2] The index file is older than the data file: /cluster/scratch/hugifl/paraquat_run_1/outputs/alignments/genomeBams/S041_pMC_0198_cyaA.bam.bai
[W::hts_idx_load2] The index file is older than the data file: /cluster/scratch/hugifl/paraquat_run_1/outputs/alignments/genomeBams/S080_pMC_0196_hemN.bam.bai
[W::hts_idx_load2] The index file is older than the data file: /cluster/scratch/hugifl/paraquat_run_1/outputs/alignments/genomeBams/S117_pMC_0195_waaQ.bam.bai
[W::hts_idx_load2] The index file is older than the data file: /cluster/scratch/hugifl/paraquat_run_1/outputs/alignments/genomeBams/S009_pFS_0453.bam.bai
[W::hts_idx_load2] The index file is older than the data file: /cluster/scratch/hugifl/paraquat_run_1/outputs/alignments/genomeBams/S118_pMC_0195_waaQ.bam.bai
[W::hts_idx_load2] The index file is older than the data file: /cluster/scratch/hugifl/paraquat_run_1/outputs/alignments/genomeBams/S024_pFS_1113.bam.bai
[W::hts_idx_load2] The index file is older than the data file: /cluster/scratch/hugifl/paraquat_run_1/outputs/alignments/genomeBams/S006_pFS_0453.bam.bai
[W::hts_idx_load2] The index file is older than the data file: /cluster/scratch/hugifl/paraquat_run_1/outputs/alignments/genomeBams/S029_pFS_1113.bam.bai
[W::hts_idx_load2] The index file is older than the data file: /cluster/scratch/hugifl/paraquat_run_1/outputs/alignments/genomeBams/S012_pFS_0453.bam.bai
[W::hts_idx_load2] The index file is older than the data file: /cluster/scratch/hugifl/paraquat_run_1/outputs/alignments/genomeBams/S061_pMC_0196_hemN.bam.bai
[W::hts_idx_load2] The index file is older than the data file: /cluster/scratch/hugifl/paraquat_run_1/outputs/alignments/genomeBams/S139_pMC_0198_yceQ.bam.bai
[W::hts_idx_load2] The index file is older than the data file: /cluster/scratch/hugifl/paraquat_run_1/outputs/alignments/genomeBams/S005_pFS_0453.bam.bai
[W::hts_idx_load2] The index file is older than the data file: /cluster/scratch/hugifl/paraquat_run_1/outputs/alignments/genomeBams/S114_pMC_0195_waaQ.bam.bai
[W::hts_idx_load2] The index file is older than the data file: /cluster/scratch/hugifl/paraquat_run_1/outputs/alignments/genomeBams/S032_pFS_1113.bam.bai
[W::hts_idx_load2] The index file is older than the data file: /cluster/scratch/hugifl/paraquat_run_1/outputs/alignments/genomeBams/S049_pMC_0198_cyaA.bam.bai
[W::hts_idx_load2] The index file is older than the data file: /cluster/scratch/hugifl/paraquat_run_1/outputs/alignments/genomeBams/S100_pMC_0198_rfaD.bam.bai
[W::hts_idx_load2] The index file is older than the data file: /cluster/scratch/hugifl/paraquat_run_1/outputs/alignments/genomeBams/S065_pMC_0196_hemN.bam.bai
slurmstepd: error: *** JOB 43572746 ON eu-g5-044-1 CANCELLED AT 2024-01-09T18:49:23 DUE TO TIME LIMIT ***
