Building DAG of jobs...
Using shell: /cluster/apps/sfos/bin/bash
Provided cores: 1
Rules claiming more threads will be scaled down.
Job counts:
	count	jobs
	1	all
	1	prepare_train_test_data
	1	sequence_data_prep
	1	spacer_coverage_data_prep
	4

[Sun Dec 10 11:51:25 2023]
rule spacer_coverage_data_prep:
    input: /cluster/scratch/hugifl/genomeBams_paraquat/S039_pFS_1113.bam, /cluster/scratch/hugifl/genomeBams_paraquat/S004_pFS_0453.bam, /cluster/scratch/hugifl/genomeBams_paraquat/S002_pFS_0453.bam, /cluster/scratch/hugifl/genomeBams_paraquat/S035_pFS_1113.bam, /cluster/scratch/hugifl/genomeBams_paraquat/S072_pMC_0196_hemN.bam, /cluster/scratch/hugifl/genomeBams_paraquat/S136_pMC_0198_yceQ.bam, /cluster/scratch/hugifl/genomeBams_paraquat/S108_pMC_0195_waaQ.bam, /cluster/scratch/hugifl/genomeBams_paraquat/S097_pMC_0198_rfaD.bam, /cluster/scratch/hugifl/genomeBams_paraquat/S016_pFS_0453.bam, /cluster/scratch/hugifl/genomeBams_paraquat/S055_pMC_0198_cyaA.bam, /cluster/scratch/hugifl/genomeBams_paraquat/S087_pMC_0198_rfaD.bam, /cluster/scratch/hugifl/genomeBams_paraquat/S131_pMC_0198_yceQ.bam, /cluster/scratch/hugifl/genomeBams_paraquat/S140_pMC_0198_yceQ.bam, /cluster/scratch/hugifl/genomeBams_paraquat/S001_pFS_0453.bam, /cluster/scratch/hugifl/genomeBams_paraquat/S070_pMC_0196_hemN.bam, /cluster/scratch/hugifl/genomeBams_paraquat/S007_pFS_0453.bam, /cluster/scratch/hugifl/genomeBams_paraquat/S068_pMC_0196_hemN.bam, /cluster/scratch/hugifl/genomeBams_paraquat/S052_pMC_0198_cyaA.bam, /cluster/scratch/hugifl/genomeBams_paraquat/S048_pMC_0198_cyaA.bam, /cluster/scratch/hugifl/genomeBams_paraquat/S026_pFS_1113.bam, /cluster/scratch/hugifl/genomeBams_paraquat/S040_pFS_1113.bam, /cluster/scratch/hugifl/genomeBams_paraquat/S083_pMC_0198_rfaD.bam, /cluster/scratch/hugifl/genomeBams_paraquat/S018_pFS_0453.bam, /cluster/scratch/hugifl/genomeBams_paraquat/S043_pMC_0198_cyaA.bam, /cluster/scratch/hugifl/genomeBams_paraquat/S050_pMC_0198_cyaA.bam, /cluster/scratch/hugifl/genomeBams_paraquat/S084_pMC_0198_rfaD.bam, /cluster/scratch/hugifl/genomeBams_paraquat/S110_pMC_0195_waaQ.bam, /cluster/scratch/hugifl/genomeBams_paraquat/S051_pMC_0198_cyaA.bam, /cluster/scratch/hugifl/genomeBams_paraquat/S081_pMC_0198_rfaD.bam, /cluster/scratch/hugifl/genomeBams_paraquat/S019_pFS_0453.bam, /cluster/scratch/hugifl/genomeBams_paraquat/S075_pMC_0196_hemN.bam, /cluster/scratch/hugifl/genomeBams_paraquat/S034_pFS_1113.bam, /cluster/scratch/hugifl/genomeBams_paraquat/S053_pMC_0198_cyaA.bam, /cluster/scratch/hugifl/genomeBams_paraquat/S033_pFS_1113.bam, /cluster/scratch/hugifl/genomeBams_paraquat/S115_pMC_0195_waaQ.bam, /cluster/scratch/hugifl/genomeBams_paraquat/S076_pMC_0196_hemN.bam, /cluster/scratch/hugifl/genomeBams_paraquat/S025_pFS_1113.bam, /cluster/scratch/hugifl/genomeBams_paraquat/S119_pMC_0195_waaQ.bam, /cluster/scratch/hugifl/genomeBams_paraquat/S078_pMC_0196_hemN.bam, /cluster/scratch/hugifl/genomeBams_paraquat/S103_pMC_0195_waaQ.bam, /cluster/scratch/hugifl/genomeBams_paraquat/S073_pMC_0196_hemN.bam, /cluster/scratch/hugifl/genomeBams_paraquat/S082_pMC_0198_rfaD.bam, /cluster/scratch/hugifl/genomeBams_paraquat/S107_pMC_0195_waaQ.bam, /cluster/scratch/hugifl/genomeBams_paraquat/S064_pMC_0196_hemN.bam, /cluster/scratch/hugifl/genomeBams_paraquat/S003_pFS_0453.bam, /cluster/scratch/hugifl/genomeBams_paraquat/S011_pFS_0453.bam, /cluster/scratch/hugifl/genomeBams_paraquat/S071_pMC_0196_hemN.bam, /cluster/scratch/hugifl/genomeBams_paraquat/S067_pMC_0196_hemN.bam, /cluster/scratch/hugifl/genomeBams_paraquat/S077_pMC_0196_hemN.bam, /cluster/scratch/hugifl/genomeBams_paraquat/S116_pMC_0195_waaQ.bam, /cluster/scratch/hugifl/genomeBams_paraquat/S093_pMC_0198_rfaD.bam, /cluster/scratch/hugifl/genomeBams_paraquat/S017_pFS_0453.bam, /cluster/scratch/hugifl/genomeBams_paraquat/S094_pMC_0198_rfaD.bam, /cluster/scratch/hugifl/genomeBams_paraquat/S135_pMC_0198_yceQ.bam, /cluster/scratch/hugifl/genomeBams_paraquat/S090_pMC_0198_rfaD.bam, /cluster/scratch/hugifl/genomeBams_paraquat/S088_pMC_0198_rfaD.bam, /cluster/scratch/hugifl/genomeBams_paraquat/S095_pMC_0198_rfaD.bam, /cluster/scratch/hugifl/genomeBams_paraquat/S096_pMC_0198_rfaD.bam, /cluster/scratch/hugifl/genomeBams_paraquat/S109_pMC_0195_waaQ.bam, /cluster/scratch/hugifl/genomeBams_paraquat/S028_pFS_1113.bam, /cluster/scratch/hugifl/genomeBams_paraquat/S101_pMC_0195_waaQ.bam, /cluster/scratch/hugifl/genomeBams_paraquat/S111_pMC_0195_waaQ.bam, /cluster/scratch/hugifl/genomeBams_paraquat/S030_pFS_1113.bam, /cluster/scratch/hugifl/genomeBams_paraquat/S066_pMC_0196_hemN.bam, /cluster/scratch/hugifl/genomeBams_paraquat/S046_pMC_0198_cyaA.bam, /cluster/scratch/hugifl/genomeBams_paraquat/S092_pMC_0198_rfaD.bam, /cluster/scratch/hugifl/genomeBams_paraquat/S036_pFS_1113.bam, /cluster/scratch/hugifl/genomeBams_paraquat/S056_pMC_0198_cyaA.bam, /cluster/scratch/hugifl/genomeBams_paraquat/S054_pMC_0198_cyaA.bam, /cluster/scratch/hugifl/genomeBams_paraquat/S137_pMC_0198_yceQ.bam, /cluster/scratch/hugifl/genomeBams_paraquat/S106_pMC_0195_waaQ.bam, /cluster/scratch/hugifl/genomeBams_paraquat/S085_pMC_0198_rfaD.bam, /cluster/scratch/hugifl/genomeBams_paraquat/S013_pFS_0453.bam, /cluster/scratch/hugifl/genomeBams_paraquat/S014_pFS_0453.bam, /cluster/scratch/hugifl/genomeBams_paraquat/S098_pMC_0198_rfaD.bam, /cluster/scratch/hugifl/genomeBams_paraquat/S038_pFS_1113.bam, /cluster/scratch/hugifl/genomeBams_paraquat/S134_pMC_0198_yceQ.bam, /cluster/scratch/hugifl/genomeBams_paraquat/S069_pMC_0196_hemN.bam, /cluster/scratch/hugifl/genomeBams_paraquat/S086_pMC_0198_rfaD.bam, /cluster/scratch/hugifl/genomeBams_paraquat/S091_pMC_0198_rfaD.bam, /cluster/scratch/hugifl/genomeBams_paraquat/S027_pFS_1113.bam, /cluster/scratch/hugifl/genomeBams_paraquat/S138_pMC_0198_yceQ.bam, /cluster/scratch/hugifl/genomeBams_paraquat/S074_pMC_0196_hemN.bam, /cluster/scratch/hugifl/genomeBams_paraquat/S063_pMC_0196_hemN.bam, /cluster/scratch/hugifl/genomeBams_paraquat/S089_pMC_0198_rfaD.bam, /cluster/scratch/hugifl/genomeBams_paraquat/S008_pFS_0453.bam, /cluster/scratch/hugifl/genomeBams_paraquat/S041_pMC_0198_cyaA.bam, /cluster/scratch/hugifl/genomeBams_paraquat/S104_pMC_0195_waaQ.bam, /cluster/scratch/hugifl/genomeBams_paraquat/S080_pMC_0196_hemN.bam, /cluster/scratch/hugifl/genomeBams_paraquat/S117_pMC_0195_waaQ.bam, /cluster/scratch/hugifl/genomeBams_paraquat/S009_pFS_0453.bam, /cluster/scratch/hugifl/genomeBams_paraquat/S079_pMC_0196_hemN.bam, /cluster/scratch/hugifl/genomeBams_paraquat/S118_pMC_0195_waaQ.bam, /cluster/scratch/hugifl/genomeBams_paraquat/S024_pFS_1113.bam, /cluster/scratch/hugifl/genomeBams_paraquat/S006_pFS_0453.bam, /cluster/scratch/hugifl/genomeBams_paraquat/S021_pFS_1113.bam, /cluster/scratch/hugifl/genomeBams_paraquat/S029_pFS_1113.bam, /cluster/scratch/hugifl/genomeBams_paraquat/S012_pFS_0453.bam, /cluster/scratch/hugifl/genomeBams_paraquat/S045_pMC_0198_cyaA.bam, /cluster/scratch/hugifl/genomeBams_paraquat/S061_pMC_0196_hemN.bam, /cluster/scratch/hugifl/genomeBams_paraquat/S139_pMC_0198_yceQ.bam, /cluster/scratch/hugifl/genomeBams_paraquat/S005_pFS_0453.bam, /cluster/scratch/hugifl/genomeBams_paraquat/S060_pMC_0198_cyaA.bam, /cluster/scratch/hugifl/genomeBams_paraquat/S114_pMC_0195_waaQ.bam, /cluster/scratch/hugifl/genomeBams_paraquat/S032_pFS_1113.bam, /cluster/scratch/hugifl/genomeBams_paraquat/S113_pMC_0195_waaQ.bam, /cluster/scratch/hugifl/genomeBams_paraquat/S042_pMC_0198_cyaA.bam, /cluster/scratch/hugifl/genomeBams_paraquat/S049_pMC_0198_cyaA.bam, /cluster/scratch/hugifl/genomeBams_paraquat/S100_pMC_0198_rfaD.bam, /cluster/scratch/hugifl/genomeBams_paraquat/S057_pMC_0198_cyaA.bam, /cluster/scratch/hugifl/genomeBams_paraquat/S058_pMC_0198_cyaA.bam, /cluster/scratch/hugifl/genomeBams_paraquat/S065_pMC_0196_hemN.bam, /cluster/scratch/hugifl/genomeBams_paraquat/S099_pMC_0198_rfaD.bam, /cluster/scratch/hugifl/genomeBams_paraquat/S020_pFS_0453.bam, /cluster/scratch/hugifl/genomeBams_paraquat/S105_pMC_0195_waaQ.bam, /cluster/scratch/hugifl/genomeBams_paraquat/S059_pMC_0198_cyaA.bam, /cluster/scratch/hugifl/genomeBams_paraquat/S015_pFS_0453.bam, /cluster/scratch/hugifl/genomeBams_paraquat/S102_pMC_0195_waaQ.bam, /cluster/scratch/hugifl/genomeBams_paraquat/S010_pFS_0453.bam, /cluster/scratch/hugifl/genomeBams_paraquat/S031_pFS_1113.bam, /cluster/scratch/hugifl/genomeBams_paraquat/S022_pFS_1113.bam, /cluster/scratch/hugifl/genomeBams_paraquat/S044_pMC_0198_cyaA.bam, /cluster/scratch/hugifl/genomeBams_paraquat/S023_pFS_1113.bam, /cluster/scratch/hugifl/genomeBams_paraquat/S112_pMC_0195_waaQ.bam, /cluster/scratch/hugifl/genomeBams_paraquat/S130_pMC_0198_yceQ.bam, /cluster/scratch/hugifl/genomeBams_paraquat/S133_pMC_0198_yceQ.bam, /cluster/scratch/hugifl/genomeBams_paraquat/S132_pMC_0198_yceQ.bam, /cluster/scratch/hugifl/genomeBams_paraquat/S037_pFS_1113.bam, /cluster/scratch/hugifl/genomeBams_paraquat/S047_pMC_0198_cyaA.bam, /cluster/scratch/hugifl/genomeBams_paraquat/S062_pMC_0196_hemN.bam
    output: /cluster/scratch/hugifl/spacer_coverage_final_data/paraquat_window_3200_overlapt_1600_binsize_4_data/window_coverage_data_summed.csv, /cluster/scratch/hugifl/spacer_coverage_final_data/paraquat_window_3200_overlapt_1600_binsize_4_data/gene_spacer_counts.csv
    jobid: 1

[33mBuilding DAG of jobs...[0m
[33mUsing shell: /cluster/apps/sfos/bin/bash[0m
[33mProvided cores: 1 (use --cores to define parallelism)[0m
[33mRules claiming more threads will be scaled down.[0m
[33mSelect jobs to execute...[0m
start of bamlist: ['S039_pFS_1113.bam', 'S004_pFS_0453.bam', 'S002_pFS_0453.bam', 'S035_pFS_1113.bam', 'S072_pMC_0196_hemN.bam']
start of filtered bamlist: ['S039_pFS_1113.bam', 'S004_pFS_0453.bam', 'S002_pFS_0453.bam', 'S035_pFS_1113.bam', 'S072_pMC_0196_hemN.bam']
batch 1 out of 26.0
batch 2 out of 26.0
batch 3 out of 26.0
batch 4 out of 26.0
batch 5 out of 26.0
batch 6 out of 26.0
batch 7 out of 26.0
batch 8 out of 26.0
batch 9 out of 26.0
batch 10 out of 26.0
batch 11 out of 26.0
batch 12 out of 26.0
batch 13 out of 26.0
batch 14 out of 26.0
batch 15 out of 26.0
batch 16 out of 26.0
batch 17 out of 26.0
batch 18 out of 26.0
batch 19 out of 26.0
batch 20 out of 26.0
batch 21 out of 26.0
batch 22 out of 26.0
batch 23 out of 26.0
batch 24 out of 26.0
batch 25 out of 26.0
batch 26 out of 26.0
[Sun Dec 10 13:29:17 2023]
Finished job 1.
1 of 4 steps (25%) done

[Sun Dec 10 13:29:17 2023]
rule sequence_data_prep:
    input: /cluster/scratch/hugifl/spacer_coverage_final_data/paraquat_window_3200_overlapt_1600_binsize_4_data/window_coverage_data_summed.csv
    output: /cluster/scratch/hugifl/spacer_coverage_final_data/paraquat_window_3200_overlapt_1600_binsize_4_data/XY_data_Y_with_windows.npz
    jobid: 2

[33mBuilding DAG of jobs...[0m
[33mUsing shell: /cluster/apps/sfos/bin/bash[0m
[33mProvided cores: 1 (use --cores to define parallelism)[0m
[33mRules claiming more threads will be scaled down.[0m
[33mSelect jobs to execute...[0m
[32m[Sun Dec 10 13:29:19 2023][0m
[31mError in rule sequence_data_prep:
    jobid: 0
    input: /cluster/scratch/hugifl/spacer_coverage_final_data/paraquat_window_3200_overlapt_1600_binsize_4_data/window_coverage_data_summed.csv
    output: /cluster/scratch/hugifl/spacer_coverage_final_data/paraquat_window_3200_overlapt_1600_binsize_4_data/XY_data_Y_with_windows.npz
[0m
[31mRuleException:
NameError in file /cluster/home/hugifl/spacer_coverage_prediction/Snakefile, line 83:
The name 'INPUTS' is unknown in this context. Please make sure that you defined that variable. Also note that braces not used for variable access have to be escaped by repeating them, i.e. {{print $1}}
  File "/cluster/home/hugifl/spacer_coverage_prediction/Snakefile", line 83, in __rule_sequence_data_prep
  File "/cluster/apps/nss/python/3.7.4/x86_64/lib64/python3.7/concurrent/futures/thread.py", line 57, in run[0m
[33mShutting down, this might take some time.[0m
[31mExiting because a job execution failed. Look above for error message[0m
Shutting down, this might take some time.
Exiting because a job execution failed. Look above for error message
Complete log: /cluster/home/hugifl/spacer_coverage_prediction/.snakemake/log/2023-12-10T115125.305039.snakemake.log
