[W::hts_idx_load2] The index file is older than the data file: /cluster/scratch/hugifl/paraquat_run_1/outputs/alignments/genomeBams/S043_pMC_0198_cyaA.bam.bai
[W::hts_idx_load2] The index file is older than the data file: /cluster/scratch/hugifl/paraquat_run_1/outputs/alignments/genomeBams/S053_pMC_0198_cyaA.bam.bai
[W::hts_idx_load2] The index file is older than the data file: /cluster/scratch/hugifl/paraquat_run_1/outputs/alignments/genomeBams/S115_pMC_0195_waaQ.bam.bai
[W::hts_idx_load2] The index file is older than the data file: /cluster/scratch/hugifl/paraquat_run_1/outputs/alignments/genomeBams/S103_pMC_0195_waaQ.bam.bai
[W::hts_idx_load2] The index file is older than the data file: /cluster/scratch/hugifl/paraquat_run_1/outputs/alignments/genomeBams/S082_pMC_0198_rfaD.bam.bai
[W::hts_idx_load2] The index file is older than the data file: /cluster/scratch/hugifl/paraquat_run_1/outputs/alignments/genomeBams/S107_pMC_0195_waaQ.bam.bai
[W::hts_idx_load2] The index file is older than the data file: /cluster/scratch/hugifl/paraquat_run_1/outputs/alignments/genomeBams/S003_pFS_0453.bam.bai
[W::hts_idx_load2] The index file is older than the data file: /cluster/scratch/hugifl/paraquat_run_1/outputs/alignments/genomeBams/S093_pMC_0198_rfaD.bam.bai
[W::hts_idx_load2] The index file is older than the data file: /cluster/scratch/hugifl/paraquat_run_1/outputs/alignments/genomeBams/S094_pMC_0198_rfaD.bam.bai
[W::hts_idx_load2] The index file is older than the data file: /cluster/scratch/hugifl/paraquat_run_1/outputs/alignments/genomeBams/S096_pMC_0198_rfaD.bam.bai
[W::hts_idx_load2] The index file is older than the data file: /cluster/scratch/hugifl/paraquat_run_1/outputs/alignments/genomeBams/S111_pMC_0195_waaQ.bam.bai
[W::hts_idx_load2] The index file is older than the data file: /cluster/scratch/hugifl/paraquat_run_1/outputs/alignments/genomeBams/S137_pMC_0198_yceQ.bam.bai
[W::hts_idx_load2] The index file is older than the data file: /cluster/scratch/hugifl/paraquat_run_1/outputs/alignments/genomeBams/S106_pMC_0195_waaQ.bam.bai
[W::hts_idx_load2] The index file is older than the data file: /cluster/scratch/hugifl/paraquat_run_1/outputs/alignments/genomeBams/S091_pMC_0198_rfaD.bam.bai
[W::hts_idx_load2] The index file is older than the data file: /cluster/scratch/hugifl/paraquat_run_1/outputs/alignments/genomeBams/S063_pMC_0196_hemN.bam.bai
[W::hts_idx_load2] The index file is older than the data file: /cluster/scratch/hugifl/paraquat_run_1/outputs/alignments/genomeBams/S008_pFS_0453.bam.bai
[W::hts_idx_load2] The index file is older than the data file: /cluster/scratch/hugifl/paraquat_run_1/outputs/alignments/genomeBams/S041_pMC_0198_cyaA.bam.bai
[W::hts_idx_load2] The index file is older than the data file: /cluster/scratch/hugifl/paraquat_run_1/outputs/alignments/genomeBams/S080_pMC_0196_hemN.bam.bai
[W::hts_idx_load2] The index file is older than the data file: /cluster/scratch/hugifl/paraquat_run_1/outputs/alignments/genomeBams/S117_pMC_0195_waaQ.bam.bai
[W::hts_idx_load2] The index file is older than the data file: /cluster/scratch/hugifl/paraquat_run_1/outputs/alignments/genomeBams/S009_pFS_0453.bam.bai
[W::hts_idx_load2] The index file is older than the data file: /cluster/scratch/hugifl/paraquat_run_1/outputs/alignments/genomeBams/S118_pMC_0195_waaQ.bam.bai
[W::hts_idx_load2] The index file is older than the data file: /cluster/scratch/hugifl/paraquat_run_1/outputs/alignments/genomeBams/S024_pFS_1113.bam.bai
[W::hts_idx_load2] The index file is older than the data file: /cluster/scratch/hugifl/paraquat_run_1/outputs/alignments/genomeBams/S006_pFS_0453.bam.bai
[W::hts_idx_load2] The index file is older than the data file: /cluster/scratch/hugifl/paraquat_run_1/outputs/alignments/genomeBams/S029_pFS_1113.bam.bai
[W::hts_idx_load2] The index file is older than the data file: /cluster/scratch/hugifl/paraquat_run_1/outputs/alignments/genomeBams/S012_pFS_0453.bam.bai
[W::hts_idx_load2] The index file is older than the data file: /cluster/scratch/hugifl/paraquat_run_1/outputs/alignments/genomeBams/S061_pMC_0196_hemN.bam.bai
[W::hts_idx_load2] The index file is older than the data file: /cluster/scratch/hugifl/paraquat_run_1/outputs/alignments/genomeBams/S139_pMC_0198_yceQ.bam.bai
[W::hts_idx_load2] The index file is older than the data file: /cluster/scratch/hugifl/paraquat_run_1/outputs/alignments/genomeBams/S005_pFS_0453.bam.bai
[W::hts_idx_load2] The index file is older than the data file: /cluster/scratch/hugifl/paraquat_run_1/outputs/alignments/genomeBams/S114_pMC_0195_waaQ.bam.bai
[W::hts_idx_load2] The index file is older than the data file: /cluster/scratch/hugifl/paraquat_run_1/outputs/alignments/genomeBams/S032_pFS_1113.bam.bai
[W::hts_idx_load2] The index file is older than the data file: /cluster/scratch/hugifl/paraquat_run_1/outputs/alignments/genomeBams/S049_pMC_0198_cyaA.bam.bai
[W::hts_idx_load2] The index file is older than the data file: /cluster/scratch/hugifl/paraquat_run_1/outputs/alignments/genomeBams/S100_pMC_0198_rfaD.bam.bai
[W::hts_idx_load2] The index file is older than the data file: /cluster/scratch/hugifl/paraquat_run_1/outputs/alignments/genomeBams/S065_pMC_0196_hemN.bam.bai
[W::hts_idx_load2] The index file is older than the data file: /cluster/scratch/hugifl/paraquat_run_1/outputs/alignments/genomeBams/S105_pMC_0195_waaQ.bam.bai
[W::hts_idx_load2] The index file is older than the data file: /cluster/scratch/hugifl/paraquat_run_1/outputs/alignments/genomeBams/S059_pMC_0198_cyaA.bam.bai
[W::hts_idx_load2] The index file is older than the data file: /cluster/scratch/hugifl/paraquat_run_1/outputs/alignments/genomeBams/S015_pFS_0453.bam.bai
[W::hts_idx_load2] The index file is older than the data file: /cluster/scratch/hugifl/paraquat_run_1/outputs/alignments/genomeBams/S102_pMC_0195_waaQ.bam.bai
[W::hts_idx_load2] The index file is older than the data file: /cluster/scratch/hugifl/paraquat_run_1/outputs/alignments/genomeBams/S031_pFS_1113.bam.bai
[W::hts_idx_load2] The index file is older than the data file: /cluster/scratch/hugifl/paraquat_run_1/outputs/alignments/genomeBams/S022_pFS_1113.bam.bai
[W::hts_idx_load2] The index file is older than the data file: /cluster/scratch/hugifl/paraquat_run_1/outputs/alignments/genomeBams/S023_pFS_1113.bam.bai
[W::hts_idx_load2] The index file is older than the data file: /cluster/scratch/hugifl/paraquat_run_1/outputs/alignments/genomeBams/S112_pMC_0195_waaQ.bam.bai
[W::hts_idx_load2] The index file is older than the data file: /cluster/scratch/hugifl/paraquat_run_1/outputs/alignments/genomeBams/S130_pMC_0198_yceQ.bam.bai
[W::hts_idx_load2] The index file is older than the data file: /cluster/scratch/hugifl/paraquat_run_1/outputs/alignments/genomeBams/S133_pMC_0198_yceQ.bam.bai
[W::hts_idx_load2] The index file is older than the data file: /cluster/scratch/hugifl/paraquat_run_1/outputs/alignments/genomeBams/S132_pMC_0198_yceQ.bam.bai
[W::hts_idx_load2] The index file is older than the data file: /cluster/scratch/hugifl/paraquat_run_1/outputs/alignments/genomeBams/S047_pMC_0198_cyaA.bam.bai
[W::hts_idx_load2] The index file is older than the data file: /cluster/scratch/hugifl/paraquat_run_1/outputs/alignments/genomeBams/S062_pMC_0196_hemN.bam.bai
[E::hts_open_format] Failed to open file S039_pFS_1113.bam
number of bam files in paraquat in count df:  130
number of bam files in diet 2 in count df:  270
number of bam files in paraquat in count dict:  130
number of bam files in diet 2 in count dict:  270
average number of spacers per bam file in paraquat:  499495.2
average number of spacers per bam file in diet:  80713.17407407408
start of bamlist: ['S039_pFS_1113.bam', 'S004_pFS_0453.bam', 'S002_pFS_0453.bam', 'S035_pFS_1113.bam', 'S072_pMC_0196_hemN.bam']
start of filtered bamlist: ['S039_pFS_1113.bam', 'S004_pFS_0453.bam', 'S002_pFS_0453.bam', 'S035_pFS_1113.bam', 'S072_pMC_0196_hemN.bam']
start of bamlist: ['BSSE_QGF_134216_HY3GMBGXC_1_20191208_212_pFS_0453_MG1655_Bern_Group_Chow_Day_16_Source_Feces_Mouse_2_Day_post_switch_9_CATCAGAC_CAGGAGCC_S212_R1_001_MM_1.bam', 'BSSE_QGF_134214_HY3GMBGXC_1_20191208_210_pFS_0453_MG1655_Bern_Group_Fat_Day_14_Source_Feces_Mouse_15_Day_post_switch_7_CATCAGAC_TCTGGCGA_S210_R1_001_MM_1.bam', 'BSSE_QGF_134246_HY3GMBGXC_1_20191208_242_pFS_0453_MG1655_Bern_Group_Chow_Day_20_Source_cecum_Mouse_2_Day_post_switch_14_ACCAAGGA_CACATCCT_S242_R1_001_MM_1.bam', 'BSSE_QGF_134245_HY3GMBGXC_1_20191208_241_pFS_0453_MG1655_Bern_Group_Chow_Day_20_Source_cecum_Mouse_1_Day_post_switch_14_ACCAAGGA_AACTTGAC_S241_R1_001_MM_1.bam', 'BSSE_QGF_134024_HY3GMBGXC_1_20191208_20_pFS_0453_MG1655_Bern_Group_Chow_Day_2_Source_Feces_Mouse_5_Day_post_switch_NA_CATCAGAC_TTGAGCCT_S20_R1_001_MM_1.bam']
start of filtered bamlist: ['BSSE_QGF_134216_HY3GMBGXC_1_20191208_212_pFS_0453_MG1655_Bern_Group_Chow_Day_16_Source_Feces_Mouse_2_Day_post_switch_9_CATCAGAC_CAGGAGCC_S212_R1_001_MM_1.bam', 'BSSE_QGF_134214_HY3GMBGXC_1_20191208_210_pFS_0453_MG1655_Bern_Group_Fat_Day_14_Source_Feces_Mouse_15_Day_post_switch_7_CATCAGAC_TCTGGCGA_S210_R1_001_MM_1.bam', 'BSSE_QGF_134246_HY3GMBGXC_1_20191208_242_pFS_0453_MG1655_Bern_Group_Chow_Day_20_Source_cecum_Mouse_2_Day_post_switch_14_ACCAAGGA_CACATCCT_S242_R1_001_MM_1.bam', 'BSSE_QGF_134245_HY3GMBGXC_1_20191208_241_pFS_0453_MG1655_Bern_Group_Chow_Day_20_Source_cecum_Mouse_1_Day_post_switch_14_ACCAAGGA_AACTTGAC_S241_R1_001_MM_1.bam', 'BSSE_QGF_134024_HY3GMBGXC_1_20191208_20_pFS_0453_MG1655_Bern_Group_Chow_Day_2_Source_Feces_Mouse_5_Day_post_switch_NA_CATCAGAC_TTGAGCCT_S20_R1_001_MM_1.bam']
length of filtered bamlist para:  130
length of filtered bamlist diet:  233
length of filtered bamlist para 2:  130
length of filtered bamlist diet 2:  233
paraquat
batch 1 out of 26.0
batch 2 out of 26.0
batch 3 out of 26.0
batch 4 out of 26.0
batch 5 out of 26.0
batch 6 out of 26.0
batch 7 out of 26.0
batch 8 out of 26.0
batch 9 out of 26.0
batch 10 out of 26.0
batch 11 out of 26.0
batch 12 out of 26.0
batch 13 out of 26.0
batch 14 out of 26.0
batch 15 out of 26.0
batch 16 out of 26.0
batch 17 out of 26.0
batch 18 out of 26.0
batch 19 out of 26.0
batch 20 out of 26.0
batch 21 out of 26.0
batch 22 out of 26.0
batch 23 out of 26.0
batch 24 out of 26.0
batch 25 out of 26.0
batch 26 out of 26.0
Traceback (most recent call last):
  File "coverage_data_prep_test.py", line 92, in <module>
    bam_file = HTSeq.BAM_Reader(bam)
  File "/cluster/home/hugifl/.local/lib/python3.7/site-packages/HTSeq/__init__.py", line 893, in __init__
    self._open_file()
  File "/cluster/home/hugifl/.local/lib/python3.7/site-packages/HTSeq/__init__.py", line 898, in _open_file
    check_sq=self.check_sq,
  File "pysam/libcalignmentfile.pyx", line 741, in pysam.libcalignmentfile.AlignmentFile.__cinit__
  File "pysam/libcalignmentfile.pyx", line 940, in pysam.libcalignmentfile.AlignmentFile._open
FileNotFoundError: [Errno 2] could not open alignment file `S039_pFS_1113.bam`: No such file or directory
