number of bam files in paraquat in count df:  130
number of bam files in diet 2 in count df:  270
number of bam files in paraquat in count dict:  130
number of bam files in diet 2 in count dict:  270
average number of spacers per bam file in paraquat:  499495.2
average number of spacers per bam file in diet:  80713.17407407408
start of bamlist: ['S039_pFS_1113.bam', 'S004_pFS_0453.bam', 'S002_pFS_0453.bam', 'S035_pFS_1113.bam', 'S072_pMC_0196_hemN.bam']
start of filtered bamlist: ['S039_pFS_1113.bam', 'S004_pFS_0453.bam', 'S002_pFS_0453.bam', 'S035_pFS_1113.bam', 'S072_pMC_0196_hemN.bam']
start of bamlist: ['BSSE_QGF_134216_HY3GMBGXC_1_20191208_212_pFS_0453_MG1655_Bern_Group_Chow_Day_16_Source_Feces_Mouse_2_Day_post_switch_9_CATCAGAC_CAGGAGCC_S212_R1_001_MM_1.bam', 'BSSE_QGF_134214_HY3GMBGXC_1_20191208_210_pFS_0453_MG1655_Bern_Group_Fat_Day_14_Source_Feces_Mouse_15_Day_post_switch_7_CATCAGAC_TCTGGCGA_S210_R1_001_MM_1.bam', 'BSSE_QGF_134246_HY3GMBGXC_1_20191208_242_pFS_0453_MG1655_Bern_Group_Chow_Day_20_Source_cecum_Mouse_2_Day_post_switch_14_ACCAAGGA_CACATCCT_S242_R1_001_MM_1.bam', 'BSSE_QGF_134245_HY3GMBGXC_1_20191208_241_pFS_0453_MG1655_Bern_Group_Chow_Day_20_Source_cecum_Mouse_1_Day_post_switch_14_ACCAAGGA_AACTTGAC_S241_R1_001_MM_1.bam', 'BSSE_QGF_134024_HY3GMBGXC_1_20191208_20_pFS_0453_MG1655_Bern_Group_Chow_Day_2_Source_Feces_Mouse_5_Day_post_switch_NA_CATCAGAC_TTGAGCCT_S20_R1_001_MM_1.bam']
start of filtered bamlist: ['BSSE_QGF_134216_HY3GMBGXC_1_20191208_212_pFS_0453_MG1655_Bern_Group_Chow_Day_16_Source_Feces_Mouse_2_Day_post_switch_9_CATCAGAC_CAGGAGCC_S212_R1_001_MM_1.bam', 'BSSE_QGF_134214_HY3GMBGXC_1_20191208_210_pFS_0453_MG1655_Bern_Group_Fat_Day_14_Source_Feces_Mouse_15_Day_post_switch_7_CATCAGAC_TCTGGCGA_S210_R1_001_MM_1.bam', 'BSSE_QGF_134246_HY3GMBGXC_1_20191208_242_pFS_0453_MG1655_Bern_Group_Chow_Day_20_Source_cecum_Mouse_2_Day_post_switch_14_ACCAAGGA_CACATCCT_S242_R1_001_MM_1.bam', 'BSSE_QGF_134245_HY3GMBGXC_1_20191208_241_pFS_0453_MG1655_Bern_Group_Chow_Day_20_Source_cecum_Mouse_1_Day_post_switch_14_ACCAAGGA_AACTTGAC_S241_R1_001_MM_1.bam', 'BSSE_QGF_134024_HY3GMBGXC_1_20191208_20_pFS_0453_MG1655_Bern_Group_Chow_Day_2_Source_Feces_Mouse_5_Day_post_switch_NA_CATCAGAC_TTGAGCCT_S20_R1_001_MM_1.bam']
length of filtered bamlist para:  130
length of filtered bamlist diet:  233
length of filtered bamlist para 2:  130
length of filtered bamlist diet 2:  233
paraquat
batch 1 out of 26.0
Traceback (most recent call last):
  File "coverage_data_prep_test.py", line 79, in <module>
    batch_coverage_df, aligned_read_count_batch, window_aligned_read_count_batch = process_batch(bam_batch, windows, 'NC_000913.3', 1, '/cluster/scratch/hugifl/paraquat_run_1/outputs/alignments/genomeBams/') # U00096.3
  File "/cluster/home/hugifl/spacer_coverage_prediction/utils_coverage.py", line 128, in process_batch
    for almnt in bamfile.fetch(region=window_iv):
  File "/cluster/home/hugifl/.local/lib/python3.7/site-packages/HTSeq/__init__.py", line 920, in fetch
    for pa in self.sf.fetch(reference, start, end, region):
  File "pysam/libcalignmentfile.pyx", line 1081, in pysam.libcalignmentfile.AlignmentFile.fetch
  File "pysam/libchtslib.pyx", line 666, in pysam.libchtslib.HTSFile.parse_region
TypeError: argument of type 'HTSeq._HTSeq.GenomicInterval' is not iterable
