Building DAG of jobs...
Using shell: /cluster/apps/sfos/bin/bash
Provided cores: 1
Rules claiming more threads will be scaled down.
Job counts:
	count	jobs
	1	all
	1	prepare_train_test_data
	2

[Tue Dec  5 07:56:30 2023]
rule prepare_train_test_data:
    input: ../spacer_coverage_output/window_3200_overlapt_1600_binsize_2_outputs/XY_data_Y_with_windows.npz
    output: ../spacer_coverage_output/window_3200_overlapt_1600_binsize_2_outputs/train_test_data_normalized_windows_info_.npz
    jobid: 3

[Tue Dec  5 08:20:17 2023]
Finished job 3.
1 of 2 steps (50%) done

[Tue Dec  5 08:20:17 2023]
localrule all:
    input: ../spacer_coverage_output/window_3200_overlapt_1600_binsize_2_outputs/window_coverage_data_summed.csv, ../spacer_coverage_output/window_3200_overlapt_1600_binsize_2_outputs/XY_data_Y_with_windows.npz, ../spacer_coverage_output/window_3200_overlapt_1600_binsize_2_outputs/train_test_data_normalized_windows_info_.npz, ../spacer_coverage_output/window_3200_overlapt_1600_binsize_2_outputs/gene_spacer_counts.csv
    jobid: 0

[Tue Dec  5 08:20:17 2023]
Finished job 0.
2 of 2 steps (100%) done
Complete log: /cluster/home/hugifl/spacer_coverage_prediction/.snakemake/log/2023-12-05T075630.035399.snakemake.log
