Building DAG of jobs...
Using shell: /cluster/apps/sfos/bin/bash
Provided cores: 1
Rules claiming more threads will be scaled down.
Job counts:
	count	jobs
	1	all
	1	prepare_train_test_data
	1	sequence_data_prep
	3

[Sun Dec 10 14:17:08 2023]
rule sequence_data_prep:
    input: /cluster/scratch/hugifl/spacer_coverage_final_data/paraquat_window_3200_overlapt_1600_binsize_4_data/window_coverage_data_summed.csv
    output: /cluster/scratch/hugifl/spacer_coverage_final_data/paraquat_window_3200_overlapt_1600_binsize_4_data/XY_data_Y_with_windows.npz
    jobid: 2

[Sun Dec 10 14:55:28 2023]
Finished job 2.
1 of 3 steps (33%) done

[Sun Dec 10 14:55:28 2023]
rule prepare_train_test_data:
    input: /cluster/scratch/hugifl/spacer_coverage_final_data/paraquat_window_3200_overlapt_1600_binsize_4_data/XY_data_Y_with_windows.npz
    output: /cluster/scratch/hugifl/spacer_coverage_final_data/paraquat_window_3200_overlapt_1600_binsize_4_data/train_test_data_normalized_windows_info_.npz
    jobid: 3

[Sun Dec 10 15:14:57 2023]
Finished job 3.
2 of 3 steps (67%) done

[Sun Dec 10 15:14:57 2023]
localrule all:
    input: /cluster/scratch/hugifl/spacer_coverage_final_data/paraquat_window_3200_overlapt_1600_binsize_4_data/window_coverage_data_summed.csv, /cluster/scratch/hugifl/spacer_coverage_final_data/paraquat_window_3200_overlapt_1600_binsize_4_data/XY_data_Y_with_windows.npz, /cluster/scratch/hugifl/spacer_coverage_final_data/paraquat_window_3200_overlapt_1600_binsize_4_data/train_test_data_normalized_windows_info_.npz, /cluster/scratch/hugifl/spacer_coverage_final_data/paraquat_window_3200_overlapt_1600_binsize_4_data/gene_spacer_counts.csv
    jobid: 0

[Sun Dec 10 15:14:57 2023]
Finished job 0.
3 of 3 steps (100%) done
Complete log: /cluster/home/hugifl/spacer_coverage_prediction/.snakemake/log/2023-12-10T141707.879141.snakemake.log
