Building DAG of jobs...
Using shell: /cluster/apps/sfos/bin/bash
Provided cores: 1
Rules claiming more threads will be scaled down.
Job counts:
	count	jobs
	1	all
	1	prepare_train_test_data
	2

[Wed Nov 29 11:36:25 2023]
rule prepare_train_test_data:
    input: ../exon_coverage_input_output/output/XY_data_Y_with_windows3200_1600.npz
    output: ../exon_coverage_input_output/output/train_test_data_binary_windows_info_3200_1600.npz, ../exon_coverage_input_output/output/train_test_data_normalized_windows_info_3200_1600.npz
    jobid: 3

[Wed Nov 29 12:01:40 2023]
Finished job 3.
1 of 2 steps (50%) done

[Wed Nov 29 12:01:40 2023]
localrule all:
    input: ../exon_coverage_input_output/output/window_coverage_data_summed_3200_1600.csv, ../exon_coverage_input_output/output/XY_data_Y_with_windows3200_1600.npz, ../exon_coverage_input_output/output/train_test_data_binary_windows_info_3200_1600.npz, ../exon_coverage_input_output/output/train_test_data_normalized_windows_info_3200_1600.npz, ../exon_coverage_input_output/output/gene_spacer_counts.csv
    jobid: 0

[Wed Nov 29 12:01:40 2023]
Finished job 0.
2 of 2 steps (100%) done
Complete log: /cluster/home/hugifl/exon_coverage/.snakemake/log/2023-11-29T113624.783968.snakemake.log
